#
# A fatal error has been detected by the Java Runtime Environment:
#
#  EXCEPTION_ACCESS_VIOLATION (0xc0000005) at pc=0x00007ffb8fee9747, pid=21684, tid=7576
#
# JRE version: OpenJDK Runtime Environment Temurin-17.0.10+7 (17.0.10+7) (build 17.0.10+7)
# Java VM: OpenJDK 64-Bit Server VM Temurin-17.0.10+7 (17.0.10+7, mixed mode, tiered, compressed oops, compressed class ptrs, parallel gc, windows-amd64)
# Problematic frame:
# V  [jvm.dll+0x659747]
#
# No core dump will be written. Minidumps are not enabled by default on client versions of Windows
#
# If you would like to submit a bug report, please visit:
#   https://github.com/adoptium/adoptium-support/issues
#

---------------  S U M M A R Y ------------

Command Line: --add-modules=ALL-SYSTEM --add-opens=java.base/java.util=ALL-UNNAMED --add-opens=java.base/java.lang=ALL-UNNAMED --add-opens=java.base/sun.nio.fs=ALL-UNNAMED -Declipse.application=org.eclipse.jdt.ls.core.id1 -Dosgi.bundles.defaultStartLevel=4 -Declipse.product=org.eclipse.jdt.ls.core.product -Djava.import.generatesMetadataFilesAtProjectRoot=false -DDetectVMInstallationsJob.disabled=true -Dfile.encoding=utf8 -XX:+UseParallelGC -XX:GCTimeRatio=4 -XX:AdaptiveSizePolicyWeight=90 -Dsun.zip.disableMemoryMapping=true -Xmx1G -Xms100m -Xlog:disable -javaagent:c:\Users\USER\.vscode\extensions\redhat.java-1.28.1-win32-x64\lombok\lombok-1.18.31.jar c:\Users\USER\.vscode\extensions\redhat.java-1.28.1-win32-x64\server\plugins\org.eclipse.equinox.launcher_1.6.700.v20231214-2017.jar -configuration c:\Users\USER\AppData\Roaming\Code\User\globalStorage\redhat.java\1.28.1\config_ss_win -data c:\Users\USER\AppData\Roaming\Code\User\workspaceStorage\348ec68ac81c33aba6f0fd2040b2ee88\redhat.java\ss_ws --stdio

Host: 12th Gen Intel(R) Core(TM) i7-12700K, 20 cores, 31G,  Windows 11 , 64 bit Build 22621 (10.0.22621.3085)
Time: Fri Feb 23 19:05:59 2024  Windows 11 , 64 bit Build 22621 (10.0.22621.3085) elapsed time: 7.010906 seconds (0d 0h 0m 7s)

---------------  T H R E A D  ---------------

Current thread (0x0000021348d3c530):  JavaThread "C2 CompilerThread2" daemon [_thread_in_native, id=7576, stack(0x000000e7f5500000,0x000000e7f5600000)]


Current CompileTask:
C2:   7011 5270       4       org.eclipse.core.internal.dtree.DataTreeWriter::writeNode (182 bytes)

Stack: [0x000000e7f5500000,0x000000e7f5600000],  sp=0x000000e7f55fb7b0,  free space=1005k
Native frames: (J=compiled Java code, j=interpreted, Vv=VM code, C=native code)
V  [jvm.dll+0x659747]
V  [jvm.dll+0x6a1cfb]
V  [jvm.dll+0x6a023f]
V  [jvm.dll+0x21bc15]
V  [jvm.dll+0x219201]
V  [jvm.dll+0x1a502d]
V  [jvm.dll+0x2290de]
V  [jvm.dll+0x2272ac]
V  [jvm.dll+0x7e9bb7]
V  [jvm.dll+0x7e3fba]
V  [jvm.dll+0x67c1b5]
C  [ucrtbase.dll+0x29363]
C  [KERNEL32.DLL+0x1257d]
C  [ntdll.dll+0x5aa58]


siginfo: EXCEPTION_ACCESS_VIOLATION (0xc0000005), reading address 0x0000000000020008


Registers:
RAX=0x0000000000020000, RBX=0x000002134dac78b0, RCX=0x000002134d089b60, RDX=0x0000000000000003
RSP=0x000000e7f55fb7b0, RBP=0x000000e7f55fb8b9, RSI=0x000002132c9b40a0, RDI=0x0000000000000011
R8 =0x0000000000020000, R9 =0x0000021345a3df30, R10=0x0000021348656970, R11=0x00000213486569a8
R12=0x0000021348681b40, R13=0x000000e7f55fead0, R14=0x000002134d089b60, R15=0x0000000000000000
RIP=0x00007ffb8fee9747, EFLAGS=0x0000000000010202


Register to memory mapping:

RIP=0x00007ffb8fee9747 jvm.dll
RAX=0x0000000000020000 is an unknown value
RBX=0x000002134dac78b0 points into unknown readable memory: 0x0000000000000000 | 00 00 00 00 00 00 00 00
RCX=0x000002134d089b60 points into unknown readable memory: 0x0000000000020000 | 00 00 02 00 00 00 00 00
RDX=0x0000000000000003 is an unknown value
RSP=0x000000e7f55fb7b0 is pointing into the stack for thread: 0x0000021348d3c530
RBP=0x000000e7f55fb8b9 is pointing into the stack for thread: 0x0000021348d3c530
RSI=0x000002132c9b40a0 points into unknown readable memory: 0x00007ffb901bf2e0 | e0 f2 1b 90 fb 7f 00 00
RDI=0x0000000000000011 is an unknown value
R8 =0x0000000000020000 is an unknown value
R9 =0x0000021345a3df30 points into unknown readable memory: 0x0000021345a3cd40 | 40 cd a3 45 13 02 00 00
R10=0x0000021348656970 points into unknown readable memory: 0x0000021345a3cd40 | 40 cd a3 45 13 02 00 00
R11=0x00000213486569a8 points into unknown readable memory: 0x00007ffb9025b5f8 | f8 b5 25 90 fb 7f 00 00
R12=0x0000021348681b40 points into unknown readable memory: 0x00007ffb901dde80 | 80 de 1d 90 fb 7f 00 00
R13=0x000000e7f55fead0 is pointing into the stack for thread: 0x0000021348d3c530
R14=0x000002134d089b60 points into unknown readable memory: 0x0000000000020000 | 00 00 02 00 00 00 00 00
R15=0x0 is NULL


Top of Stack: (sp=0x000000e7f55fb7b0)
0x000000e7f55fb7b0:   00000213486569a8 0000021349d0ebc0
0x000000e7f55fb7c0:   000002134dac78b0 000002134b0f6250
0x000000e7f55fb7d0:   000000e7f55fd998 0000021348656970
0x000000e7f55fb7e0:   0000021348685000 0000021348681a60
0x000000e7f55fb7f0:   0000021348681b40 0000000000000011
0x000000e7f55fb800:   000002132c9b40a0 000000e7f55fcf70
0x000000e7f55fb810:   0000021345a3cd78 00007ffb8ff31cfb
0x000000e7f55fb820:   000002134dac7900 000002134dac78d0
0x000000e7f55fb830:   000000e7f55fead0 000000e7f55fb8b9
0x000000e7f55fb840:   0000000000000000 0000000000000000
0x000000e7f55fb850:   000002134b3812d0 0000000000000800
0x000000e7f55fb860:   000002134d089d70 00007ffb0000000a
0x000000e7f55fb870:   000000e700000100 000002134d089970
0x000000e7f55fb880:   0000000000000100 000002134b3812d0
0x000000e7f55fb890:   0000021300000002 00007ffb90082767
0x000000e7f55fb8a0:   0000021348681b40 0000021348681b28
0x000000e7f55fb8b0:   000002134dac78b0 0000021348681b30
0x000000e7f55fb8c0:   000000e7f55fd998 00007ffb8fab3701
0x000000e7f55fb8d0:   0000021300000000 000002134dac78b0
0x000000e7f55fb8e0:   0000000000000000 000002132c9b40a0
0x000000e7f55fb8f0:   0000000000000050 000000e7f55fcf70
0x000000e7f55fb900:   0000000000000000 000000e7f55fbb10
0x000000e7f55fb910:   000000e7f55fba50 00007ffb8ff3023f
0x000000e7f55fb920:   000000e7f55fcf70 0000000000000000
0x000000e7f55fb930:   0000021348681a60 000002132c9b40a0
0x000000e7f55fb940:   00007ffb901cfc80 00007ffb8faabc15
0x000000e7f55fb950:   000000e7f55fead0 0000000000000000
0x000000e7f55fb960:   0000000000000000 000000e7f55fba50
0x000000e7f55fb970:   0000021300000000 00007ffb9008702f
0x000000e7f55fb980:   000000e7f55f0000 0000000000000000
0x000000e7f55fb990:   000002134a214660 00007ffb00000000
0x000000e7f55fb9a0:   0000021300000100 00007ffb901cfc80 

Instructions: (pc=0x00007ffb8fee9747)
0x00007ffb8fee9647:   89 53 10 eb 43 41 8d 6e 01 85 ed 74 05 41 85 ee
0x00007ffb8fee9657:   74 0c 0f bd cd bd 01 00 00 00 ff c1 d3 e5 44 8b
0x00007ffb8fee9667:   cd 48 8b cf 49 c1 e1 03 49 c1 e0 03 c7 44 24 20
0x00007ffb8fee9677:   00 00 00 00 e8 00 2f a5 ff 89 6b 24 48 8b d0 48
0x00007ffb8fee9687:   89 43 10 bd 20 00 00 00 8b 43 20 48 89 34 c2 ff
0x00007ffb8fee9697:   43 20 49 83 ef 01 0f 85 fd fe ff ff 4c 8b 7c 24
0x00007ffb8fee96a7:   30 4c 8b 6c 24 70 4c 8b 64 24 68 48 8b 6c 24 60
0x00007ffb8fee96b7:   4c 8b 74 24 38 48 83 c4 40 5f 5e 5b c3 cc cc cc
0x00007ffb8fee96c7:   cc cc cc cc cc cc cc cc cc 48 8b c4 53 41 55 48
0x00007ffb8fee96d7:   83 ec 58 8b 15 18 98 56 00 48 89 68 20 48 89 70
0x00007ffb8fee96e7:   e8 48 89 78 e0 4c 89 60 d8 4c 89 70 d0 4c 8b f1
0x00007ffb8fee96f7:   65 48 8b 04 25 58 00 00 00 48 8b 1c d0 b8 50 00
0x00007ffb8fee9707:   00 00 48 03 c3 48 89 44 24 70 80 38 00 75 05 e8
0x00007ffb8fee9717:   ad 6a 23 00 b8 20 00 00 00 48 03 c3 48 89 44 24
0x00007ffb8fee9727:   78 48 8b 00 48 8b 88 e0 04 00 00 49 8b 06 4c 8b
0x00007ffb8fee9737:   a9 80 00 00 00 49 8b ce 4c 89 ac 24 80 00 00 00
0x00007ffb8fee9747:   ff 50 08 49 8b 16 49 8b ce 8b e8 ff 52 08 41 8b
0x00007ffb8fee9757:   4e 1c 49 8d bd 70 02 00 00 48 8b 5f 18 8b d0 48
0x00007ffb8fee9767:   8d 34 ca 48 8b ce 48 f7 d1 48 3b cb 73 16 4c 8d
0x00007ffb8fee9777:   05 1c 79 24 00 48 8b d6 48 8b cf e8 49 36 a5 ff
0x00007ffb8fee9787:   48 8b 5f 18 48 8d 04 33 48 3b 47 20 76 13 45 33
0x00007ffb8fee9797:   c0 48 8b d6 48 8b cf e8 7d 33 a5 ff 48 8b d8 eb
0x00007ffb8fee97a7:   04 48 89 47 18 48 8d 55 07 48 8b cb 48 c1 ea 03
0x00007ffb8fee97b7:   48 85 d2 74 25 4d 8b c6 4c 2b c3 0f 1f 40 00 66
0x00007ffb8fee97c7:   66 0f 1f 84 00 00 00 00 00 49 8b 04 08 48 89 01
0x00007ffb8fee97d7:   48 8d 49 08 48 83 ea 01 75 ef 48 8d 04 2b 48 c7
0x00007ffb8fee97e7:   43 10 ff ff ff ff 45 33 e4 48 89 43 08 48 c7 43
0x00007ffb8fee97f7:   20 00 00 00 00 4c 89 7c 24 30 45 39 66 1c 0f 86
0x00007ffb8fee9807:   2c 01 00 00 4c 8b 6c 24 70 49 8b 46 08 4a 8d 0c
0x00007ffb8fee9817:   e5 00 00 00 00 48 8b 3c 01 48 8b 43 08 48 89 3c
0x00007ffb8fee9827:   01 48 85 ff 0f 84 f1 00 00 00 48 8b 57 10 48 85
0x00007ffb8fee9837:   d2 0f 84 e4 00 00 00 44 8b 47 24 44 8b 7f 20 45 


Stack slot to memory mapping:
stack at sp + 0 slots: 0x00000213486569a8 points into unknown readable memory: 0x00007ffb9025b5f8 | f8 b5 25 90 fb 7f 00 00
stack at sp + 1 slots: 0x0000021349d0ebc0 points into unknown readable memory: 0x000000e7f55fede0 | e0 ed 5f f5 e7 00 00 00
stack at sp + 2 slots: 0x000002134dac78b0 points into unknown readable memory: 0x0000000000000000 | 00 00 00 00 00 00 00 00
stack at sp + 3 slots: 0x000002134b0f6250 points into unknown readable memory: 0x00007ffb9025b468 | 68 b4 25 90 fb 7f 00 00
stack at sp + 4 slots: 0x000000e7f55fd998 is pointing into the stack for thread: 0x0000021348d3c530
stack at sp + 5 slots: 0x0000021348656970 points into unknown readable memory: 0x0000021345a3cd40 | 40 cd a3 45 13 02 00 00
stack at sp + 6 slots: 0x0000021348685000 points into unknown readable memory: 0x00007ffb9022c3f8 | f8 c3 22 90 fb 7f 00 00
stack at sp + 7 slots: 0x0000021348681a60 points into unknown readable memory: 0x00007ffb901ddde8 | e8 dd 1d 90 fb 7f 00 00


---------------  P R O C E S S  ---------------

Threads class SMR info:
_java_thread_list=0x0000021348e68b20, length=32, elements={
0x000002132c99edd0, 0x0000021340825020, 0x00000213459a4cb0, 0x000002134082e830,
0x00000213459ed660, 0x00000213459eeb90, 0x00000213459f2d80, 0x00000213459f48c0,
0x0000021345a01440, 0x00000213459f66f0, 0x0000021345a74ce0, 0x0000021345ac3250,
0x00000213480e73a0, 0x00000213488ccc40, 0x00000213489a4010, 0x0000021348bd1b70,
0x0000021348adb000, 0x0000021348c45cf0, 0x0000021348c452d0, 0x0000021348c42a50,
0x0000021348c44dc0, 0x0000021348c43e90, 0x0000021348c448b0, 0x0000021348c42540,
0x0000021348c43470, 0x000002134b86ca30, 0x000002134b869280, 0x000002134b86bb00,
0x000002134b869790, 0x00000213480920a0, 0x0000021348d3c530, 0x0000021345ac3770
}

Java Threads: ( => current thread )
  0x000002132c99edd0 JavaThread "main" [_thread_blocked, id=15756, stack(0x000000e7f4600000,0x000000e7f4700000)]
  0x0000021340825020 JavaThread "Reference Handler" daemon [_thread_blocked, id=21356, stack(0x000000e7f4900000,0x000000e7f4a00000)]
  0x00000213459a4cb0 JavaThread "Finalizer" daemon [_thread_blocked, id=19032, stack(0x000000e7f4a00000,0x000000e7f4b00000)]
  0x000002134082e830 JavaThread "Signal Dispatcher" daemon [_thread_blocked, id=8980, stack(0x000000e7f4b00000,0x000000e7f4c00000)]
  0x00000213459ed660 JavaThread "Attach Listener" daemon [_thread_blocked, id=14432, stack(0x000000e7f4c00000,0x000000e7f4d00000)]
  0x00000213459eeb90 JavaThread "Service Thread" daemon [_thread_blocked, id=5948, stack(0x000000e7f4d00000,0x000000e7f4e00000)]
  0x00000213459f2d80 JavaThread "Monitor Deflation Thread" daemon [_thread_blocked, id=21612, stack(0x000000e7f4e00000,0x000000e7f4f00000)]
  0x00000213459f48c0 JavaThread "C2 CompilerThread0" daemon [_thread_blocked, id=17612, stack(0x000000e7f4f00000,0x000000e7f5000000)]
  0x0000021345a01440 JavaThread "C1 CompilerThread0" daemon [_thread_blocked, id=18480, stack(0x000000e7f5000000,0x000000e7f5100000)]
  0x00000213459f66f0 JavaThread "Sweeper thread" daemon [_thread_blocked, id=21568, stack(0x000000e7f5100000,0x000000e7f5200000)]
  0x0000021345a74ce0 JavaThread "Common-Cleaner" daemon [_thread_blocked, id=24292, stack(0x000000e7f5200000,0x000000e7f5300000)]
  0x0000021345ac3250 JavaThread "C1 CompilerThread1" daemon [_thread_blocked, id=5184, stack(0x000000e7f5300000,0x000000e7f5400000)]
  0x00000213480e73a0 JavaThread "Notification Thread" daemon [_thread_blocked, id=20432, stack(0x000000e7f5800000,0x000000e7f5900000)]
  0x00000213488ccc40 JavaThread "Active Thread: Equinox Container: be899a06-0b0f-4b75-8865-384f8ac3841d" [_thread_blocked, id=7820, stack(0x000000e7f6200000,0x000000e7f6300000)]
  0x00000213489a4010 JavaThread "Framework Event Dispatcher: Equinox Container: be899a06-0b0f-4b75-8865-384f8ac3841d" daemon [_thread_blocked, id=5456, stack(0x000000e7f6300000,0x000000e7f6400000)]
  0x0000021348bd1b70 JavaThread "Start Level: Equinox Container: be899a06-0b0f-4b75-8865-384f8ac3841d" daemon [_thread_blocked, id=22000, stack(0x000000e7f6400000,0x000000e7f6500000)]
  0x0000021348adb000 JavaThread "SCR Component Actor" daemon [_thread_blocked, id=7628, stack(0x000000e7f6500000,0x000000e7f6600000)]
  0x0000021348c45cf0 JavaThread "Worker-JM" [_thread_blocked, id=21048, stack(0x000000e7f5c00000,0x000000e7f5d00000)]
  0x0000021348c452d0 JavaThread "Worker-0" [_thread_blocked, id=3576, stack(0x000000e7f6b00000,0x000000e7f6c00000)]
  0x0000021348c42a50 JavaThread "Worker-1" [_thread_blocked, id=7416, stack(0x000000e7f6c00000,0x000000e7f6d00000)]
  0x0000021348c44dc0 JavaThread "Worker-2" [_thread_blocked, id=9552, stack(0x000000e7f7400000,0x000000e7f7500000)]
  0x0000021348c43e90 JavaThread "JNA Cleaner" daemon [_thread_blocked, id=14832, stack(0x000000e7f7500000,0x000000e7f7600000)]
  0x0000021348c448b0 JavaThread "pool-2-thread-1" [_thread_blocked, id=3268, stack(0x000000e7f7800000,0x000000e7f7900000)]
  0x0000021348c42540 JavaThread "WorkspaceEventsHandler" [_thread_blocked, id=23112, stack(0x000000e7f7900000,0x000000e7f7a00000)]
  0x0000021348c43470 JavaThread "pool-1-thread-1" [_thread_in_native, id=22388, stack(0x000000e7f7a00000,0x000000e7f7b00000)]
  0x000002134b86ca30 JavaThread "ForkJoinPool.commonPool-worker-1" daemon [_thread_blocked, id=21268, stack(0x000000e7f7300000,0x000000e7f7400000)]
  0x000002134b869280 JavaThread "ForkJoinPool.commonPool-worker-2" daemon [_thread_blocked, id=17140, stack(0x000000e7f7b00000,0x000000e7f7c00000)]
  0x000002134b86bb00 JavaThread "ForkJoinPool.commonPool-worker-3" daemon [_thread_blocked, id=24180, stack(0x000000e7f7c00000,0x000000e7f7d00000)]
  0x000002134b869790 JavaThread "ForkJoinPool.commonPool-worker-4" daemon [_thread_blocked, id=14164, stack(0x000000e7f7d00000,0x000000e7f7e00000)]
  0x00000213480920a0 JavaThread "C2 CompilerThread1" daemon [_thread_blocked, id=7988, stack(0x000000e7f5400000,0x000000e7f5500000)]
=>0x0000021348d3c530 JavaThread "C2 CompilerThread2" daemon [_thread_in_native, id=7576, stack(0x000000e7f5500000,0x000000e7f5600000)]
  0x0000021345ac3770 JavaThread "C2 CompilerThread3" daemon [_thread_blocked, id=5652, stack(0x000000e7f5700000,0x000000e7f5800000)]

Other Threads:
  0x000002134080ee80 VMThread "VM Thread" [stack: 0x000000e7f4800000,0x000000e7f4900000] [id=23360]
  0x00000213480e8da0 WatcherThread [stack: 0x000000e7f5900000,0x000000e7f5a00000] [id=21052]
  0x000002132c9b60d0 GCTaskThread "GC Thread#0" [stack: 0x000000e7f4700000,0x000000e7f4800000] [id=24252]
  0x0000021348b024a0 GCTaskThread "GC Thread#1" [stack: 0x000000e7f5d00000,0x000000e7f5e00000] [id=22624]
  0x0000021348875040 GCTaskThread "GC Thread#2" [stack: 0x000000e7f5e00000,0x000000e7f5f00000] [id=4664]
  0x0000021348b02760 GCTaskThread "GC Thread#3" [stack: 0x000000e7f5f00000,0x000000e7f6000000] [id=8428]
  0x0000021348b02a20 GCTaskThread "GC Thread#4" [stack: 0x000000e7f6000000,0x000000e7f6100000] [id=22084]
  0x0000021348937cc0 GCTaskThread "GC Thread#5" [stack: 0x000000e7f6100000,0x000000e7f6200000] [id=23732]
  0x0000021348b1cac0 GCTaskThread "GC Thread#6" [stack: 0x000000e7f6600000,0x000000e7f6700000] [id=19696]
  0x0000021348aacba0 GCTaskThread "GC Thread#7" [stack: 0x000000e7f6700000,0x000000e7f6800000] [id=4480]
  0x0000021348b6e760 GCTaskThread "GC Thread#8" [stack: 0x000000e7f6900000,0x000000e7f6a00000] [id=20888]
  0x0000021348bf0f50 GCTaskThread "GC Thread#9" [stack: 0x000000e7f6a00000,0x000000e7f6b00000] [id=20496]
  0x0000021348fceb70 GCTaskThread "GC Thread#10" [stack: 0x000000e7f6d00000,0x000000e7f6e00000] [id=9728]
  0x0000021349102440 GCTaskThread "GC Thread#11" [stack: 0x000000e7f6e00000,0x000000e7f6f00000] [id=6752]
  0x0000021349102b10 GCTaskThread "GC Thread#12" [stack: 0x000000e7f6f00000,0x000000e7f7000000] [id=5492]
  0x0000021349227e00 GCTaskThread "GC Thread#13" [stack: 0x000000e7f5600000,0x000000e7f5700000] [id=24544]
  0x000002134a035100 GCTaskThread "GC Thread#14" [stack: 0x000000e7f5a00000,0x000000e7f5b00000] [id=4248]

Threads with active compile tasks:
C2 CompilerThread2     7048 5270       4       org.eclipse.core.internal.dtree.DataTreeWriter::writeNode (182 bytes)

VM state: not at safepoint (normal execution)

VM Mutex/Monitor currently owned by a thread: None

Heap address: 0x00000000c0000000, size: 1024 MB, Compressed Oops mode: 32-bit

CDS archive(s) not mapped
Compressed class space mapped at: 0x0000000100000000-0x0000000140000000, reserved size: 1073741824
Narrow klass base: 0x0000000000000000, Narrow klass shift: 3, Narrow klass range: 0x140000000

GC Precious Log:
 CPUs: 20 total, 20 available
 Memory: 32541M
 Large Page Support: Disabled
 NUMA Support: Disabled
 Compressed Oops: Enabled (32-bit)
 Alignments: Space 512K, Generation 512K, Heap 2M
 Heap Min Capacity: 100M
 Heap Initial Capacity: 100M
 Heap Max Capacity: 1G
 Pre-touch: Disabled
 Parallel Workers: 15

Heap:
 PSYoungGen      total 23040K, used 20700K [0x00000000eab00000, 0x00000000ec580000, 0x0000000100000000)
  eden space 21504K, 89% used [0x00000000eab00000,0x00000000ebdcf318,0x00000000ec000000)
  from space 1536K, 93% used [0x00000000ec400000,0x00000000ec568040,0x00000000ec580000)
  to   space 2048K, 0% used [0x00000000ec180000,0x00000000ec180000,0x00000000ec380000)
 ParOldGen       total 68608K, used 36241K [0x00000000c0000000, 0x00000000c4300000, 0x00000000eab00000)
  object space 68608K, 52% used [0x00000000c0000000,0x00000000c2364468,0x00000000c4300000)
 Metaspace       used 47919K, committed 48704K, reserved 1114112K
  class space    used 4827K, committed 5184K, reserved 1048576K

Card table byte_map: [0x000002132c330000,0x000002132c540000] _byte_map_base: 0x000002132bd30000

Marking Bits: (ParMarkBitMap*) 0x00007ffb9042d7d0
 Begin Bits: [0x000002133e630000, 0x000002133f630000)
 End Bits:   [0x000002133f630000, 0x0000021340630000)

Polling page: 0x000002132a8f0000

Metaspace:

Usage:
  Non-class:     42.08 MB used.
      Class:      4.71 MB used.
       Both:     46.80 MB used.

Virtual space:
  Non-class space:       64.00 MB reserved,      42.50 MB ( 66%) committed,  1 nodes.
      Class space:        1.00 GB reserved,       5.06 MB ( <1%) committed,  1 nodes.
             Both:        1.06 GB reserved,      47.56 MB (  4%) committed. 

Chunk freelists:
   Non-Class:  5.02 MB
       Class:  10.97 MB
        Both:  15.99 MB

MaxMetaspaceSize: unlimited
CompressedClassSpaceSize: 1.00 GB
Initial GC threshold: 21.00 MB
Current GC threshold: 58.38 MB
CDS: off
MetaspaceReclaimPolicy: balanced
 - commit_granule_bytes: 65536.
 - commit_granule_words: 8192.
 - virtual_space_node_default_size: 8388608.
 - enlarge_chunks_in_place: 1.
 - new_chunks_are_fully_committed: 0.
 - uncommit_free_chunks: 1.
 - use_allocation_guard: 0.
 - handle_deallocations: 1.


Internal statistics:

num_allocs_failed_limit: 6.
num_arena_births: 436.
num_arena_deaths: 14.
num_vsnodes_births: 2.
num_vsnodes_deaths: 0.
num_space_committed: 761.
num_space_uncommitted: 0.
num_chunks_returned_to_freelist: 20.
num_chunks_taken_from_freelist: 2054.
num_chunk_merges: 8.
num_chunk_splits: 1342.
num_chunks_enlarged: 899.
num_inconsistent_stats: 0.

CodeHeap 'non-profiled nmethods': size=119168Kb used=2913Kb max_used=3646Kb free=116254Kb
 bounds [0x00000213371d0000, 0x0000021337560000, 0x000002133e630000]
CodeHeap 'profiled nmethods': size=119104Kb used=9260Kb max_used=11125Kb free=109843Kb
 bounds [0x000002132f630000, 0x0000021330110000, 0x0000021336a80000]
CodeHeap 'non-nmethods': size=7488Kb used=1890Kb max_used=3060Kb free=5597Kb
 bounds [0x0000021336a80000, 0x0000021336d90000, 0x00000213371d0000]
 total_blobs=5106 nmethods=4440 adapters=577
 compilation: enabled
              stopped_count=0, restarted_count=0
 full_count=0

Compilation events (20 events):
Event: 6.997 Thread 0x00000213459f48c0 nmethod 5292 0x00000213374d0b10 code [0x00000213374d0c80, 0x00000213374d0d18]
Event: 6.997 Thread 0x0000021345a01440 nmethod 5291 0x000002132f71f710 code [0x000002132f71f8c0, 0x000002132f71fa88]
Event: 6.998 Thread 0x0000021345ac3250 nmethod 5288 0x000002132f69b710 code [0x000002132f69bac0, 0x000002132f69d5e8]
Event: 6.998 Thread 0x0000021345ac3770 5293       4       org.eclipse.core.internal.resources.MarkerWriter::save (139 bytes)
Event: 6.998 Thread 0x00000213459f48c0 5294       4       org.eclipse.core.internal.resources.MarkerManager::save (13 bytes)
Event: 6.998 Thread 0x0000021345ac3770 nmethod 5293 0x0000021337275990 code [0x0000021337275b00, 0x0000021337275bf8]
Event: 6.998 Thread 0x0000021345ac3770 5296   !   4       org.eclipse.core.internal.resources.SaveManager::lambda$4 (137 bytes)
Event: 6.998 Thread 0x00000213459f48c0 nmethod 5294 0x0000021337275590 code [0x0000021337275700, 0x0000021337275818]
Event: 6.998 Thread 0x00000213459f48c0 5295       4       org.eclipse.core.internal.resources.Synchronizer::saveSyncInfo (13 bytes)
Event: 6.999 Thread 0x00000213459f48c0 nmethod 5295 0x0000021337218990 code [0x0000021337218b20, 0x0000021337218c28]
Event: 6.999 Thread 0x00000213459f48c0 5298       4       org.eclipse.core.internal.resources.SaveManager$$Lambda$319/0x00000001003f2598::visitElement (43 bytes)
Event: 7.000 Thread 0x00000213480920a0 nmethod 5284 0x0000021337228790 code [0x0000021337228960, 0x0000021337228ec8]
Event: 7.000 Thread 0x00000213480920a0 5299  s    4       org.eclipse.core.internal.resources.ResourceInfo::getSyncInfo (31 bytes)
Event: 7.000 Thread 0x0000021345ac3770 nmethod 5296 0x0000021337276390 code [0x0000021337276540, 0x0000021337276988]
Event: 7.000 Thread 0x0000021345ac3770 5297       4       org.eclipse.core.internal.resources.SyncInfoWriter::saveSyncInfo (192 bytes)
Event: 7.000 Thread 0x00000213480920a0 nmethod 5299 0x0000021337218590 code [0x0000021337218700, 0x00000213372188d8]
Event: 7.000 Thread 0x00000213480920a0 5300 %     4       org.eclipse.core.internal.watson.ElementTreeIterator::doIteration @ 69 (114 bytes)
Event: 7.001 Thread 0x0000021345ac3770 nmethod 5297 0x0000021337218090 code [0x0000021337218200, 0x00000213372183f8]
Event: 7.003 Thread 0x00000213459f48c0 nmethod 5298 0x0000021337335290 code [0x0000021337335420, 0x0000021337335ab8]
Event: 7.004 Thread 0x00000213480920a0 nmethod 5300% 0x000002133732c790 code [0x000002133732c940, 0x000002133732ce98]

GC Heap History (20 events):
Event: 2.124 GC heap before
{Heap before GC invocations=15 (full 2):
 PSYoungGen      total 24576K, used 24096K [0x00000000eab00000, 0x00000000ec700000, 0x0000000100000000)
  eden space 22016K, 100% used [0x00000000eab00000,0x00000000ec080000,0x00000000ec080000)
  from space 2560K, 81% used [0x00000000ec480000,0x00000000ec688010,0x00000000ec700000)
  to   space 2560K, 0% used [0x00000000ec200000,0x00000000ec200000,0x00000000ec480000)
 ParOldGen       total 68608K, used 21539K [0x00000000c0000000, 0x00000000c4300000, 0x00000000eab00000)
  object space 68608K, 31% used [0x00000000c0000000,0x00000000c1508ec0,0x00000000c4300000)
 Metaspace       used 37171K, committed 37952K, reserved 1114112K
  class space    used 3752K, committed 4096K, reserved 1048576K
}
Event: 2.125 GC heap after
{Heap after GC invocations=15 (full 2):
 PSYoungGen      total 24064K, used 2016K [0x00000000eab00000, 0x00000000ec580000, 0x0000000100000000)
  eden space 22016K, 0% used [0x00000000eab00000,0x00000000eab00000,0x00000000ec080000)
  from space 2048K, 98% used [0x00000000ec200000,0x00000000ec3f8010,0x00000000ec400000)
  to   space 1536K, 0% used [0x00000000ec400000,0x00000000ec400000,0x00000000ec580000)
 ParOldGen       total 68608K, used 23331K [0x00000000c0000000, 0x00000000c4300000, 0x00000000eab00000)
  object space 68608K, 34% used [0x00000000c0000000,0x00000000c16c8ec0,0x00000000c4300000)
 Metaspace       used 37171K, committed 37952K, reserved 1114112K
  class space    used 3752K, committed 4096K, reserved 1048576K
}
Event: 2.169 GC heap before
{Heap before GC invocations=16 (full 2):
 PSYoungGen      total 24064K, used 24032K [0x00000000eab00000, 0x00000000ec580000, 0x0000000100000000)
  eden space 22016K, 100% used [0x00000000eab00000,0x00000000ec080000,0x00000000ec080000)
  from space 2048K, 98% used [0x00000000ec200000,0x00000000ec3f8010,0x00000000ec400000)
  to   space 1536K, 0% used [0x00000000ec400000,0x00000000ec400000,0x00000000ec580000)
 ParOldGen       total 68608K, used 23331K [0x00000000c0000000, 0x00000000c4300000, 0x00000000eab00000)
  object space 68608K, 34% used [0x00000000c0000000,0x00000000c16c8ec0,0x00000000c4300000)
 Metaspace       used 37229K, committed 38016K, reserved 1114112K
  class space    used 3765K, committed 4160K, reserved 1048576K
}
Event: 2.170 GC heap after
{Heap after GC invocations=16 (full 2):
 PSYoungGen      total 23040K, used 1536K [0x00000000eab00000, 0x00000000ec880000, 0x0000000100000000)
  eden space 21504K, 0% used [0x00000000eab00000,0x00000000eab00000,0x00000000ec000000)
  from space 1536K, 100% used [0x00000000ec400000,0x00000000ec580000,0x00000000ec580000)
  to   space 4096K, 0% used [0x00000000ec000000,0x00000000ec000000,0x00000000ec400000)
 ParOldGen       total 68608K, used 25488K [0x00000000c0000000, 0x00000000c4300000, 0x00000000eab00000)
  object space 68608K, 37% used [0x00000000c0000000,0x00000000c18e4228,0x00000000c4300000)
 Metaspace       used 37229K, committed 38016K, reserved 1114112K
  class space    used 3765K, committed 4160K, reserved 1048576K
}
Event: 2.200 GC heap before
{Heap before GC invocations=17 (full 2):
 PSYoungGen      total 23040K, used 23040K [0x00000000eab00000, 0x00000000ec880000, 0x0000000100000000)
  eden space 21504K, 100% used [0x00000000eab00000,0x00000000ec000000,0x00000000ec000000)
  from space 1536K, 100% used [0x00000000ec400000,0x00000000ec580000,0x00000000ec580000)
  to   space 4096K, 0% used [0x00000000ec000000,0x00000000ec000000,0x00000000ec400000)
 ParOldGen       total 68608K, used 25488K [0x00000000c0000000, 0x00000000c4300000, 0x00000000eab00000)
  object space 68608K, 37% used [0x00000000c0000000,0x00000000c18e4228,0x00000000c4300000)
 Metaspace       used 37229K, committed 38016K, reserved 1114112K
  class space    used 3765K, committed 4160K, reserved 1048576K
}
Event: 2.202 GC heap after
{Heap after GC invocations=17 (full 2):
 PSYoungGen      total 23552K, used 2048K [0x00000000eab00000, 0x00000000ec600000, 0x0000000100000000)
  eden space 21504K, 0% used [0x00000000eab00000,0x00000000eab00000,0x00000000ec000000)
  from space 2048K, 100% used [0x00000000ec000000,0x00000000ec200000,0x00000000ec200000)
  to   space 3072K, 0% used [0x00000000ec300000,0x00000000ec300000,0x00000000ec600000)
 ParOldGen       total 68608K, used 27031K [0x00000000c0000000, 0x00000000c4300000, 0x00000000eab00000)
  object space 68608K, 39% used [0x00000000c0000000,0x00000000c1a65cd8,0x00000000c4300000)
 Metaspace       used 37229K, committed 38016K, reserved 1114112K
  class space    used 3765K, committed 4160K, reserved 1048576K
}
Event: 2.224 GC heap before
{Heap before GC invocations=18 (full 2):
 PSYoungGen      total 23552K, used 23552K [0x00000000eab00000, 0x00000000ec600000, 0x0000000100000000)
  eden space 21504K, 100% used [0x00000000eab00000,0x00000000ec000000,0x00000000ec000000)
  from space 2048K, 100% used [0x00000000ec000000,0x00000000ec200000,0x00000000ec200000)
  to   space 3072K, 0% used [0x00000000ec300000,0x00000000ec300000,0x00000000ec600000)
 ParOldGen       total 68608K, used 27031K [0x00000000c0000000, 0x00000000c4300000, 0x00000000eab00000)
  object space 68608K, 39% used [0x00000000c0000000,0x00000000c1a65cd8,0x00000000c4300000)
 Metaspace       used 37229K, committed 38016K, reserved 1114112K
  class space    used 3765K, committed 4160K, reserved 1048576K
}
Event: 2.226 GC heap after
{Heap after GC invocations=18 (full 2):
 PSYoungGen      total 24064K, used 2272K [0x00000000eab00000, 0x00000000ec580000, 0x0000000100000000)
  eden space 21504K, 0% used [0x00000000eab00000,0x00000000eab00000,0x00000000ec000000)
  from space 2560K, 88% used [0x00000000ec300000,0x00000000ec538010,0x00000000ec580000)
  to   space 2560K, 0% used [0x00000000ec080000,0x00000000ec080000,0x00000000ec300000)
 ParOldGen       total 68608K, used 28935K [0x00000000c0000000, 0x00000000c4300000, 0x00000000eab00000)
  object space 68608K, 42% used [0x00000000c0000000,0x00000000c1c41cd8,0x00000000c4300000)
 Metaspace       used 37229K, committed 38016K, reserved 1114112K
  class space    used 3765K, committed 4160K, reserved 1048576K
}
Event: 3.096 GC heap before
{Heap before GC invocations=19 (full 2):
 PSYoungGen      total 24064K, used 23776K [0x00000000eab00000, 0x00000000ec580000, 0x0000000100000000)
  eden space 21504K, 100% used [0x00000000eab00000,0x00000000ec000000,0x00000000ec000000)
  from space 2560K, 88% used [0x00000000ec300000,0x00000000ec538010,0x00000000ec580000)
  to   space 2560K, 0% used [0x00000000ec080000,0x00000000ec080000,0x00000000ec300000)
 ParOldGen       total 68608K, used 28935K [0x00000000c0000000, 0x00000000c4300000, 0x00000000eab00000)
  object space 68608K, 42% used [0x00000000c0000000,0x00000000c1c41cd8,0x00000000c4300000)
 Metaspace       used 37983K, committed 38720K, reserved 1114112K
  class space    used 3845K, committed 4224K, reserved 1048576K
}
Event: 3.098 GC heap after
{Heap after GC invocations=19 (full 2):
 PSYoungGen      total 24064K, used 2551K [0x00000000eab00000, 0x00000000ecb00000, 0x0000000100000000)
  eden space 21504K, 0% used [0x00000000eab00000,0x00000000eab00000,0x00000000ec000000)
  from space 2560K, 99% used [0x00000000ec080000,0x00000000ec2fdc08,0x00000000ec300000)
  to   space 5632K, 0% used [0x00000000ec580000,0x00000000ec580000,0x00000000ecb00000)
 ParOldGen       total 68608K, used 31336K [0x00000000c0000000, 0x00000000c4300000, 0x00000000eab00000)
  object space 68608K, 45% used [0x00000000c0000000,0x00000000c1e9a2a8,0x00000000c4300000)
 Metaspace       used 37983K, committed 38720K, reserved 1114112K
  class space    used 3845K, committed 4224K, reserved 1048576K
}
Event: 3.206 GC heap before
{Heap before GC invocations=20 (full 2):
 PSYoungGen      total 24064K, used 23994K [0x00000000eab00000, 0x00000000ecb00000, 0x0000000100000000)
  eden space 21504K, 99% used [0x00000000eab00000,0x00000000ebff0d68,0x00000000ec000000)
  from space 2560K, 99% used [0x00000000ec080000,0x00000000ec2fdc08,0x00000000ec300000)
  to   space 5632K, 0% used [0x00000000ec580000,0x00000000ec580000,0x00000000ecb00000)
 ParOldGen       total 68608K, used 31336K [0x00000000c0000000, 0x00000000c4300000, 0x00000000eab00000)
  object space 68608K, 45% used [0x00000000c0000000,0x00000000c1e9a2a8,0x00000000c4300000)
 Metaspace       used 39858K, committed 40640K, reserved 1114112K
  class space    used 4095K, committed 4480K, reserved 1048576K
}
Event: 3.207 GC heap after
{Heap after GC invocations=20 (full 2):
 PSYoungGen      total 22528K, used 860K [0x00000000eab00000, 0x00000000ec680000, 0x0000000100000000)
  eden space 21504K, 0% used [0x00000000eab00000,0x00000000eab00000,0x00000000ec000000)
  from space 1024K, 84% used [0x00000000ec580000,0x00000000ec6572a0,0x00000000ec680000)
  to   space 2560K, 0% used [0x00000000ec180000,0x00000000ec180000,0x00000000ec400000)
 ParOldGen       total 68608K, used 33823K [0x00000000c0000000, 0x00000000c4300000, 0x00000000eab00000)
  object space 68608K, 49% used [0x00000000c0000000,0x00000000c2107f80,0x00000000c4300000)
 Metaspace       used 39858K, committed 40640K, reserved 1114112K
  class space    used 4095K, committed 4480K, reserved 1048576K
}
Event: 3.328 GC heap before
{Heap before GC invocations=21 (full 2):
 PSYoungGen      total 22528K, used 22364K [0x00000000eab00000, 0x00000000ec680000, 0x0000000100000000)
  eden space 21504K, 100% used [0x00000000eab00000,0x00000000ec000000,0x00000000ec000000)
  from space 1024K, 84% used [0x00000000ec580000,0x00000000ec6572a0,0x00000000ec680000)
  to   space 2560K, 0% used [0x00000000ec180000,0x00000000ec180000,0x00000000ec400000)
 ParOldGen       total 68608K, used 33823K [0x00000000c0000000, 0x00000000c4300000, 0x00000000eab00000)
  object space 68608K, 49% used [0x00000000c0000000,0x00000000c2107f80,0x00000000c4300000)
 Metaspace       used 41311K, committed 42048K, reserved 1114112K
  class space    used 4230K, committed 4608K, reserved 1048576K
}
Event: 3.328 GC heap after
{Heap after GC invocations=21 (full 2):
 PSYoungGen      total 24064K, used 672K [0x00000000eab00000, 0x00000000ec600000, 0x0000000100000000)
  eden space 21504K, 0% used [0x00000000eab00000,0x00000000eab00000,0x00000000ec000000)
  from space 2560K, 26% used [0x00000000ec180000,0x00000000ec228000,0x00000000ec400000)
  to   space 1024K, 0% used [0x00000000ec500000,0x00000000ec500000,0x00000000ec600000)
 ParOldGen       total 68608K, used 34449K [0x00000000c0000000, 0x00000000c4300000, 0x00000000eab00000)
  object space 68608K, 50% used [0x00000000c0000000,0x00000000c21a4740,0x00000000c4300000)
 Metaspace       used 41311K, committed 42048K, reserved 1114112K
  class space    used 4230K, committed 4608K, reserved 1048576K
}
Event: 3.381 GC heap before
{Heap before GC invocations=22 (full 2):
 PSYoungGen      total 24064K, used 22176K [0x00000000eab00000, 0x00000000ec600000, 0x0000000100000000)
  eden space 21504K, 100% used [0x00000000eab00000,0x00000000ec000000,0x00000000ec000000)
  from space 2560K, 26% used [0x00000000ec180000,0x00000000ec228000,0x00000000ec400000)
  to   space 1024K, 0% used [0x00000000ec500000,0x00000000ec500000,0x00000000ec600000)
 ParOldGen       total 68608K, used 34449K [0x00000000c0000000, 0x00000000c4300000, 0x00000000eab00000)
  object space 68608K, 50% used [0x00000000c0000000,0x00000000c21a4740,0x00000000c4300000)
 Metaspace       used 41835K, committed 42560K, reserved 1114112K
  class space    used 4279K, committed 4608K, reserved 1048576K
}
Event: 3.382 GC heap after
{Heap after GC invocations=22 (full 2):
 PSYoungGen      total 22528K, used 1013K [0x00000000eab00000, 0x00000000ec600000, 0x0000000100000000)
  eden space 21504K, 0% used [0x00000000eab00000,0x00000000eab00000,0x00000000ec000000)
  from space 1024K, 98% used [0x00000000ec500000,0x00000000ec5fd630,0x00000000ec600000)
  to   space 3072K, 0% used [0x00000000ec000000,0x00000000ec000000,0x00000000ec300000)
 ParOldGen       total 68608K, used 35801K [0x00000000c0000000, 0x00000000c4300000, 0x00000000eab00000)
  object space 68608K, 52% used [0x00000000c0000000,0x00000000c22f6468,0x00000000c4300000)
 Metaspace       used 41835K, committed 42560K, reserved 1114112K
  class space    used 4279K, committed 4608K, reserved 1048576K
}
Event: 3.449 GC heap before
{Heap before GC invocations=23 (full 2):
 PSYoungGen      total 22528K, used 22481K [0x00000000eab00000, 0x00000000ec600000, 0x0000000100000000)
  eden space 21504K, 99% used [0x00000000eab00000,0x00000000ebff6f20,0x00000000ec000000)
  from space 1024K, 98% used [0x00000000ec500000,0x00000000ec5fd630,0x00000000ec600000)
  to   space 3072K, 0% used [0x00000000ec000000,0x00000000ec000000,0x00000000ec300000)
 ParOldGen       total 68608K, used 35801K [0x00000000c0000000, 0x00000000c4300000, 0x00000000eab00000)
  object space 68608K, 52% used [0x00000000c0000000,0x00000000c22f6468,0x00000000c4300000)
 Metaspace       used 43303K, committed 44032K, reserved 1114112K
  class space    used 4404K, committed 4736K, reserved 1048576K
}
Event: 3.449 GC heap after
{Heap after GC invocations=23 (full 2):
 PSYoungGen      total 24576K, used 610K [0x00000000eab00000, 0x00000000ec580000, 0x0000000100000000)
  eden space 21504K, 0% used [0x00000000eab00000,0x00000000eab00000,0x00000000ec000000)
  from space 3072K, 19% used [0x00000000ec000000,0x00000000ec098a20,0x00000000ec300000)
  to   space 1536K, 0% used [0x00000000ec400000,0x00000000ec400000,0x00000000ec580000)
 ParOldGen       total 68608K, used 36073K [0x00000000c0000000, 0x00000000c4300000, 0x00000000eab00000)
  object space 68608K, 52% used [0x00000000c0000000,0x00000000c233a468,0x00000000c4300000)
 Metaspace       used 43303K, committed 44032K, reserved 1114112K
  class space    used 4404K, committed 4736K, reserved 1048576K
}
Event: 4.018 GC heap before
{Heap before GC invocations=24 (full 2):
 PSYoungGen      total 24576K, used 22079K [0x00000000eab00000, 0x00000000ec580000, 0x0000000100000000)
  eden space 21504K, 99% used [0x00000000eab00000,0x00000000ebff7258,0x00000000ec000000)
  from space 3072K, 19% used [0x00000000ec000000,0x00000000ec098a20,0x00000000ec300000)
  to   space 1536K, 0% used [0x00000000ec400000,0x00000000ec400000,0x00000000ec580000)
 ParOldGen       total 68608K, used 36073K [0x00000000c0000000, 0x00000000c4300000, 0x00000000eab00000)
  object space 68608K, 52% used [0x00000000c0000000,0x00000000c233a468,0x00000000c4300000)
 Metaspace       used 46080K, committed 46848K, reserved 1114112K
  class space    used 4652K, committed 4992K, reserved 1048576K
}
Event: 4.019 GC heap after
{Heap after GC invocations=24 (full 2):
 PSYoungGen      total 23040K, used 1440K [0x00000000eab00000, 0x00000000ec580000, 0x0000000100000000)
  eden space 21504K, 0% used [0x00000000eab00000,0x00000000eab00000,0x00000000ec000000)
  from space 1536K, 93% used [0x00000000ec400000,0x00000000ec568040,0x00000000ec580000)
  to   space 2048K, 0% used [0x00000000ec180000,0x00000000ec180000,0x00000000ec380000)
 ParOldGen       total 68608K, used 36241K [0x00000000c0000000, 0x00000000c4300000, 0x00000000eab00000)
  object space 68608K, 52% used [0x00000000c0000000,0x00000000c2364468,0x00000000c4300000)
 Metaspace       used 46080K, committed 46848K, reserved 1114112K
  class space    used 4652K, committed 4992K, reserved 1048576K
}

Dll operation events (10 events):
Event: 0.010 Loaded shared library c:\Users\USER\.vscode\extensions\redhat.java-1.28.1-win32-x64\jre\17.0.10-win32-x86_64\bin\java.dll
Event: 0.085 Loaded shared library c:\Users\USER\.vscode\extensions\redhat.java-1.28.1-win32-x64\jre\17.0.10-win32-x86_64\bin\zip.dll
Event: 0.088 Loaded shared library C:\Users\USER\.vscode\extensions\redhat.java-1.28.1-win32-x64\jre\17.0.10-win32-x86_64\bin\instrument.dll
Event: 0.094 Loaded shared library C:\Users\USER\.vscode\extensions\redhat.java-1.28.1-win32-x64\jre\17.0.10-win32-x86_64\bin\net.dll
Event: 0.095 Loaded shared library C:\Users\USER\.vscode\extensions\redhat.java-1.28.1-win32-x64\jre\17.0.10-win32-x86_64\bin\nio.dll
Event: 0.099 Loaded shared library C:\Users\USER\.vscode\extensions\redhat.java-1.28.1-win32-x64\jre\17.0.10-win32-x86_64\bin\zip.dll
Event: 0.105 Loaded shared library C:\Users\USER\.vscode\extensions\redhat.java-1.28.1-win32-x64\jre\17.0.10-win32-x86_64\bin\jimage.dll
Event: 0.129 Loaded shared library c:\Users\USER\.vscode\extensions\redhat.java-1.28.1-win32-x64\jre\17.0.10-win32-x86_64\bin\verify.dll
Event: 0.521 Loaded shared library C:\Users\USER\AppData\Roaming\Code\User\globalStorage\redhat.java\1.28.1\config_ss_win\org.eclipse.equinox.launcher\org.eclipse.equinox.launcher.win32.win32.x86_64_1.2.900.v20240129-1338\eclipse_11900.dll
Event: 1.758 Loaded shared library C:\Users\USER\AppData\Local\Temp\jna-2614219\jna8496891448995696232.dll

Deoptimization events (20 events):
Event: 6.991 Thread 0x0000021348c44dc0 Uncommon trap: trap_request=0xffffff45 fr.pc=0x0000021337387b2c relative=0x000000000000018c
Event: 6.991 Thread 0x0000021348c44dc0 Uncommon trap: reason=unstable_if action=reinterpret pc=0x0000021337387b2c method=jdk.internal.org.objectweb.asm.Frame.push(I)V @ 26 c2
Event: 6.991 Thread 0x0000021348c44dc0 DEOPT PACKING pc=0x0000021337387b2c sp=0x000000e7f74fd1d0
Event: 6.991 Thread 0x0000021348c44dc0 DEOPT UNPACKING pc=0x0000021336ad66a3 sp=0x000000e7f74fd158 mode 2
Event: 6.996 Thread 0x000002134b86b0e0 Uncommon trap: trap_request=0xffffffc6 fr.pc=0x0000021337454950 relative=0x00000000000040b0
Event: 6.996 Thread 0x000002134b86b0e0 Uncommon trap: reason=bimorphic_or_optimized_type_check action=maybe_recompile pc=0x0000021337454950 method=org.eclipse.core.internal.watson.ElementTreeIterator.doIteration(Lorg/eclipse/core/internal/dtree/DataTreeNode;Lorg/eclipse/core/internal/watson/IE
Event: 6.996 Thread 0x000002134b86b0e0 DEOPT PACKING pc=0x0000021337454950 sp=0x000000e7f5bfe6e0
Event: 6.996 Thread 0x000002134b86b0e0 DEOPT UNPACKING pc=0x0000021336ad66a3 sp=0x000000e7f5bfe700 mode 2
Event: 6.996 Thread 0x000002134b86b0e0 Uncommon trap: trap_request=0xffffffc6 fr.pc=0x0000021337454950 relative=0x00000000000040b0
Event: 6.996 Thread 0x000002134b86b0e0 Uncommon trap: reason=bimorphic_or_optimized_type_check action=maybe_recompile pc=0x0000021337454950 method=org.eclipse.core.internal.watson.ElementTreeIterator.doIteration(Lorg/eclipse/core/internal/dtree/DataTreeNode;Lorg/eclipse/core/internal/watson/IE
Event: 6.996 Thread 0x000002134b86b0e0 DEOPT PACKING pc=0x0000021337454950 sp=0x000000e7f5bfe650
Event: 6.996 Thread 0x000002134b86f2b0 Uncommon trap: trap_request=0xffffffc6 fr.pc=0x0000021337454950 relative=0x00000000000040b0
Event: 6.996 Thread 0x000002134b86b0e0 DEOPT UNPACKING pc=0x0000021336ad66a3 sp=0x000000e7f5bfe670 mode 2
Event: 6.996 Thread 0x000002134b86f2b0 Uncommon trap: reason=bimorphic_or_optimized_type_check action=maybe_recompile pc=0x0000021337454950 method=org.eclipse.core.internal.watson.ElementTreeIterator.doIteration(Lorg/eclipse/core/internal/dtree/DataTreeNode;Lorg/eclipse/core/internal/watson/IE
Event: 6.996 Thread 0x000002134b86b0e0 Uncommon trap: trap_request=0xffffffc6 fr.pc=0x0000021337454950 relative=0x00000000000040b0
Event: 6.996 Thread 0x000002134b86b0e0 Uncommon trap: reason=bimorphic_or_optimized_type_check action=maybe_recompile pc=0x0000021337454950 method=org.eclipse.core.internal.watson.ElementTreeIterator.doIteration(Lorg/eclipse/core/internal/dtree/DataTreeNode;Lorg/eclipse/core/internal/watson/IE
Event: 6.996 Thread 0x000002134b86f2b0 DEOPT PACKING pc=0x0000021337454950 sp=0x000000e7f68feae0
Event: 6.996 Thread 0x000002134b86b0e0 DEOPT PACKING pc=0x0000021337454950 sp=0x000000e7f5bfe650
Event: 6.996 Thread 0x000002134b86b0e0 DEOPT UNPACKING pc=0x0000021336ad66a3 sp=0x000000e7f5bfe670 mode 2
Event: 6.996 Thread 0x000002134b86f2b0 DEOPT UNPACKING pc=0x0000021336ad66a3 sp=0x000000e7f68feb00 mode 2

Classes unloaded (7 events):
Event: 0.862 Thread 0x000002134080ee80 Unloading class 0x000000010021a400 'java/lang/invoke/LambdaForm$MH+0x000000010021a400'
Event: 0.862 Thread 0x000002134080ee80 Unloading class 0x000000010021a000 'java/lang/invoke/LambdaForm$MH+0x000000010021a000'
Event: 0.862 Thread 0x000002134080ee80 Unloading class 0x0000000100219c00 'java/lang/invoke/LambdaForm$MH+0x0000000100219c00'
Event: 0.862 Thread 0x000002134080ee80 Unloading class 0x0000000100219800 'java/lang/invoke/LambdaForm$MH+0x0000000100219800'
Event: 0.862 Thread 0x000002134080ee80 Unloading class 0x0000000100219400 'java/lang/invoke/LambdaForm$BMH+0x0000000100219400'
Event: 0.862 Thread 0x000002134080ee80 Unloading class 0x0000000100219000 'java/lang/invoke/LambdaForm$DMH+0x0000000100219000'
Event: 0.862 Thread 0x000002134080ee80 Unloading class 0x0000000100214400 'java/lang/invoke/LambdaForm$DMH+0x0000000100214400'

Classes redefined (0 events):
No events

Internal exceptions (20 events):
Event: 3.062 Thread 0x0000021348c43470 Exception <a 'java/lang/NoSuchMethodError'{0x00000000ebb168f8}: 'java.lang.Object java.lang.invoke.DirectMethodHandle$Holder.invokeInterface(java.lang.Object, java.lang.Object, java.lang.Object)'> (0x00000000ebb168f8) 
thrown [s\src\hotspot\share\interpreter\linkResolver.cpp, line 759]
Event: 3.280 Thread 0x0000021348c43470 Implicit null exception at 0x00000213374aa2cf to 0x00000213374aafc0
Event: 3.928 Thread 0x000002134b869790 Exception <a 'java/lang/ArrayIndexOutOfBoundsException'{0x00000000eb3b5c38}: Index 1210 out of bounds for length 1209> (0x00000000eb3b5c38) 
thrown [s\src\hotspot\share\interpreter\interpreterRuntime.cpp, line 428]
Event: 3.947 Thread 0x000002134b869280 Exception <a 'java/lang/NoSuchMethodError'{0x00000000eb804690}: 'int java.lang.invoke.DirectMethodHandle$Holder.invokeInterface(java.lang.Object, java.lang.Object)'> (0x00000000eb804690) 
thrown [s\src\hotspot\share\interpreter\linkResolver.cpp, line 759]
Event: 3.947 Thread 0x000002134b869280 Exception <a 'java/lang/IncompatibleClassChangeError'{0x00000000eb807c20}: Found class java.lang.Object, but interface was expected> (0x00000000eb807c20) 
thrown [s\src\hotspot\share\interpreter\linkResolver.cpp, line 826]
Event: 3.961 Thread 0x000002134b869280 Exception <a 'java/lang/NoSuchMethodError'{0x00000000eba5b520}: 'int java.lang.invoke.DirectMethodHandle$Holder.invokeStatic(java.lang.Object, java.lang.Object, java.lang.Object, int)'> (0x00000000eba5b520) 
thrown [s\src\hotspot\share\interpreter\linkResolver.cpp, line 759]
Event: 3.970 Thread 0x000002134b869280 Exception <a 'java/lang/NoSuchMethodError'{0x00000000ebb540d0}: 'int java.lang.invoke.DirectMethodHandle$Holder.invokeVirtual(java.lang.Object, java.lang.Object, java.lang.Object)'> (0x00000000ebb540d0) 
thrown [s\src\hotspot\share\interpreter\linkResolver.cpp, line 759]
Event: 3.971 Thread 0x000002134b869280 Exception <a 'java/lang/NoSuchMethodError'{0x00000000ebb6ebf0}: 'int java.lang.invoke.DirectMethodHandle$Holder.invokeSpecialIFC(java.lang.Object, java.lang.Object, java.lang.Object)'> (0x00000000ebb6ebf0) 
thrown [s\src\hotspot\share\interpreter\linkResolver.cpp, line 759]
Event: 3.972 Thread 0x000002134b869280 Implicit null exception at 0x0000021337531350 to 0x00000213375321b8
Event: 3.980 Thread 0x000002134b869280 Implicit null exception at 0x000002133752c544 to 0x000002133752d080
Event: 4.004 Thread 0x000002134b869280 Exception <a 'java/io/FileNotFoundException'{0x00000000ebe72e20}> (0x00000000ebe72e20) 
thrown [s\src\hotspot\share\prims\jni.cpp, line 516]
Event: 4.004 Thread 0x000002134b869280 Exception <a 'java/io/FileNotFoundException'{0x00000000ebe744d8}> (0x00000000ebe744d8) 
thrown [s\src\hotspot\share\prims\jni.cpp, line 516]
Event: 4.565 Thread 0x0000021348c452d0 Exception <a 'java/io/FileNotFoundException'{0x00000000eb5e3650}> (0x00000000eb5e3650) 
thrown [s\src\hotspot\share\prims\jni.cpp, line 516]
Event: 4.566 Thread 0x0000021348c452d0 Exception <a 'java/io/FileNotFoundException'{0x00000000eb5e5108}> (0x00000000eb5e5108) 
thrown [s\src\hotspot\share\prims\jni.cpp, line 516]
Event: 4.566 Thread 0x0000021348c452d0 Exception <a 'java/io/FileNotFoundException'{0x00000000eb5e6760}> (0x00000000eb5e6760) 
thrown [s\src\hotspot\share\prims\jni.cpp, line 516]
Event: 5.765 Thread 0x000002134b869280 Exception <a 'java/lang/ArrayIndexOutOfBoundsException'{0x00000000eb873c48}> (0x00000000eb873c48) 
thrown [s\src\hotspot\share\runtime\sharedRuntime.cpp, line 631]
Event: 6.992 Thread 0x0000021348c44dc0 Exception <a 'java/lang/NoSuchMethodError'{0x00000000ebcdbbe0}: 'java.lang.Object java.lang.invoke.DirectMethodHandle$Holder.newInvokeSpecial(java.lang.Object, java.lang.Object, java.lang.Object, java.lang.Object, java.lang.Object, java.lang.Object, java.lang.Object, java.lang.Object, java.lang.Object, java.lang.Object)'> (0x00000000ebcdbbe0) 
thrown [s\src\hotspot\share\interpreter\linkResolver.cpp, line 759]
Event: 6.992 Thread 0x0000021348c44dc0 Exception <a 'java/lang/NoSuchMethodError'{0x00000000ebce0b30}: 'java.lang.Object java.lang.invoke.DirectMethodHandle$Holder.invokeSpecial(java.lang.Object, java.lang.Object, java.lang.Object, java.lang.Object, java.lang.Object, java.lang.Object, java.lang.Object, java.lang.Object, java.lang.Object, java.lang.Object, java.lang.Object)'> (0x00000000ebce0b30) 
thrown [s\src\hotspot\share\interpreter\linkResolver.cpp, line 759]
Event: 6.992 Thread 0x0000021348c44dc0 Exception <a 'java/lang/NoSuchMethodError'{0x00000000ebce5040}: 'java.lang.Object java.lang.invoke.Invokers$Holder.linkToTargetMethod(java.lang.Object, java.lang.Object, java.lang.Object, java.lang.Object, java.lang.Object, java.lang.Object, java.lang.Object, java.lang.Object, java.lang.Object, java.lang.Object)'> (0x00000000ebce5040) 
thrown [s\src\hotspot\share\interpreter\linkResolver.cpp, line 759]
Event: 7.005 Thread 0x0000021348c44dc0 Exception <a 'sun/nio/fs/WindowsException'{0x00000000ebd70ec8}> (0x00000000ebd70ec8) 
thrown [s\src\hotspot\share\prims\jni.cpp, line 516]

VM Operations (20 events):
Event: 3.979 Executing VM operation: HandshakeAllThreads
Event: 3.979 Executing VM operation: HandshakeAllThreads done
Event: 4.005 Executing VM operation: ICBufferFull
Event: 4.006 Executing VM operation: ICBufferFull done
Event: 4.018 Executing VM operation: ParallelGCFailedAllocation
Event: 4.019 Executing VM operation: ParallelGCFailedAllocation done
Event: 4.554 Executing VM operation: HandshakeAllThreads
Event: 4.554 Executing VM operation: HandshakeAllThreads done
Event: 4.555 Executing VM operation: ICBufferFull
Event: 4.555 Executing VM operation: ICBufferFull done
Event: 4.560 Executing VM operation: HandshakeAllThreads
Event: 4.560 Executing VM operation: HandshakeAllThreads done
Event: 4.574 Executing VM operation: HandshakeAllThreads
Event: 4.574 Executing VM operation: HandshakeAllThreads done
Event: 4.593 Executing VM operation: ICBufferFull
Event: 4.593 Executing VM operation: ICBufferFull done
Event: 5.595 Executing VM operation: Cleanup
Event: 5.595 Executing VM operation: Cleanup done
Event: 6.599 Executing VM operation: Cleanup
Event: 6.599 Executing VM operation: Cleanup done

Events (20 events):
Event: 6.952 loading class java/util/function/LongFunction
Event: 6.952 loading class java/util/function/LongFunction done
Event: 6.952 loading class java/util/stream/Nodes$ConcNode
Event: 6.952 loading class java/util/stream/Nodes$AbstractConcNode
Event: 6.953 loading class java/util/stream/Nodes$AbstractConcNode done
Event: 6.953 loading class java/util/stream/Nodes$ConcNode done
Event: 6.953 Thread 0x000002134b86c520 Thread added: 0x000002134b86c520
Event: 6.953 loading class java/util/stream/Nodes$ToArrayTask$OfRef
Event: 6.953 loading class java/util/stream/Nodes$ToArrayTask
Event: 6.953 loading class java/util/stream/Nodes$ToArrayTask done
Event: 6.953 loading class java/util/stream/Nodes$ToArrayTask$OfRef done
Event: 6.953 Thread 0x000002134b86cf40 Thread exited: 0x000002134b86cf40
Event: 6.953 Thread 0x000002134b86c520 Thread exited: 0x000002134b86c520
Event: 6.959 Thread 0x00000213480920a0 Thread added: 0x00000213480920a0
Event: 6.961 Thread 0x0000021348d3c530 Thread added: 0x0000021348d3c530
Event: 6.963 Thread 0x0000021345ac3770 Thread added: 0x0000021345ac3770
Event: 6.995 Thread 0x000002134b86b0e0 Thread added: 0x000002134b86b0e0
Event: 6.996 Thread 0x000002134b86f2b0 Thread added: 0x000002134b86f2b0
Event: 7.002 Thread 0x000002134b86b0e0 Thread exited: 0x000002134b86b0e0
Event: 7.002 Thread 0x000002134b86f2b0 Thread exited: 0x000002134b86f2b0


Dynamic libraries:
0x00007ff6d4bb0000 - 0x00007ff6d4bbe000 	c:\Users\USER\.vscode\extensions\redhat.java-1.28.1-win32-x64\jre\17.0.10-win32-x86_64\bin\java.exe
0x00007ffc34930000 - 0x00007ffc34b47000 	C:\WINDOWS\SYSTEM32\ntdll.dll
0x00007ffc33620000 - 0x00007ffc336e4000 	C:\WINDOWS\System32\KERNEL32.DLL
0x00007ffc31e60000 - 0x00007ffc32206000 	C:\WINDOWS\System32\KERNELBASE.dll
0x00007ffc31ca0000 - 0x00007ffc31db1000 	C:\WINDOWS\System32\ucrtbase.dll
0x00007ffc22d80000 - 0x00007ffc22d97000 	c:\Users\USER\.vscode\extensions\redhat.java-1.28.1-win32-x64\jre\17.0.10-win32-x86_64\bin\jli.dll
0x00007ffc32f70000 - 0x00007ffc3311e000 	C:\WINDOWS\System32\USER32.dll
0x00007ffc31c70000 - 0x00007ffc31c96000 	C:\WINDOWS\System32\win32u.dll
0x00007ffc32850000 - 0x00007ffc32879000 	C:\WINDOWS\System32\GDI32.dll
0x00007ffc32380000 - 0x00007ffc32498000 	C:\WINDOWS\System32\gdi32full.dll
0x00007ffc31dc0000 - 0x00007ffc31e5a000 	C:\WINDOWS\System32\msvcp_win.dll
0x00007ffc20e30000 - 0x00007ffc20e4b000 	c:\Users\USER\.vscode\extensions\redhat.java-1.28.1-win32-x64\jre\17.0.10-win32-x86_64\bin\VCRUNTIME140.dll
0x00007ffc24c10000 - 0x00007ffc24ea3000 	C:\WINDOWS\WinSxS\amd64_microsoft.windows.common-controls_6595b64144ccf1df_6.0.22621.2506_none_270c5ae97388e100\COMCTL32.dll
0x00007ffc33b70000 - 0x00007ffc33c17000 	C:\WINDOWS\System32\msvcrt.dll
0x00007ffc34710000 - 0x00007ffc34741000 	C:\WINDOWS\System32\IMM32.DLL
0x00007ffc23670000 - 0x00007ffc2367c000 	c:\Users\USER\.vscode\extensions\redhat.java-1.28.1-win32-x64\jre\17.0.10-win32-x86_64\bin\vcruntime140_1.dll
0x00007ffc17410000 - 0x00007ffc1749d000 	c:\Users\USER\.vscode\extensions\redhat.java-1.28.1-win32-x64\jre\17.0.10-win32-x86_64\bin\msvcp140.dll
0x00007ffb8f890000 - 0x00007ffb904f2000 	c:\Users\USER\.vscode\extensions\redhat.java-1.28.1-win32-x64\jre\17.0.10-win32-x86_64\bin\server\jvm.dll
0x00007ffc33560000 - 0x00007ffc33613000 	C:\WINDOWS\System32\ADVAPI32.dll
0x00007ffc344d0000 - 0x00007ffc34578000 	C:\WINDOWS\System32\sechost.dll
0x00007ffc32210000 - 0x00007ffc32238000 	C:\WINDOWS\System32\bcrypt.dll
0x00007ffc33270000 - 0x00007ffc33387000 	C:\WINDOWS\System32\RPCRT4.dll
0x00007ffc30b00000 - 0x00007ffc30b4d000 	C:\WINDOWS\SYSTEM32\POWRPROF.dll
0x00007ffc29b50000 - 0x00007ffc29b84000 	C:\WINDOWS\SYSTEM32\WINMM.dll
0x00007ffc1aa20000 - 0x00007ffc1aa29000 	C:\WINDOWS\SYSTEM32\WSOCK32.dll
0x00007ffc34580000 - 0x00007ffc345f1000 	C:\WINDOWS\System32\WS2_32.dll
0x00007ffc21270000 - 0x00007ffc2127a000 	C:\WINDOWS\SYSTEM32\VERSION.dll
0x00007ffc30ae0000 - 0x00007ffc30af3000 	C:\WINDOWS\SYSTEM32\UMPDC.dll
0x00007ffc30da0000 - 0x00007ffc30db8000 	C:\WINDOWS\SYSTEM32\kernel.appcore.dll
0x00007ffc23080000 - 0x00007ffc2308a000 	c:\Users\USER\.vscode\extensions\redhat.java-1.28.1-win32-x64\jre\17.0.10-win32-x86_64\bin\jimage.dll
0x00007ffc25280000 - 0x00007ffc254b3000 	C:\WINDOWS\SYSTEM32\DBGHELP.DLL
0x00007ffc32af0000 - 0x00007ffc32e79000 	C:\WINDOWS\System32\combase.dll
0x00007ffc32990000 - 0x00007ffc32a67000 	C:\WINDOWS\System32\OLEAUT32.dll
0x00007ffc25240000 - 0x00007ffc25272000 	C:\WINDOWS\SYSTEM32\dbgcore.DLL
0x00007ffc32300000 - 0x00007ffc3237a000 	C:\WINDOWS\System32\bcryptPrimitives.dll
0x00007ffc22e10000 - 0x00007ffc22e1e000 	c:\Users\USER\.vscode\extensions\redhat.java-1.28.1-win32-x64\jre\17.0.10-win32-x86_64\bin\instrument.dll
0x00007ffc1b1a0000 - 0x00007ffc1b1c5000 	c:\Users\USER\.vscode\extensions\redhat.java-1.28.1-win32-x64\jre\17.0.10-win32-x86_64\bin\java.dll
0x00007ffc1cad0000 - 0x00007ffc1cae8000 	c:\Users\USER\.vscode\extensions\redhat.java-1.28.1-win32-x64\jre\17.0.10-win32-x86_64\bin\zip.dll
0x00007ffc33c70000 - 0x00007ffc344cb000 	C:\WINDOWS\System32\SHELL32.dll
0x00007ffc2fbe0000 - 0x00007ffc304d6000 	C:\WINDOWS\SYSTEM32\windows.storage.dll
0x00007ffc2faa0000 - 0x00007ffc2fbde000 	C:\WINDOWS\SYSTEM32\wintypes.dll
0x00007ffc33120000 - 0x00007ffc33213000 	C:\WINDOWS\System32\SHCORE.dll
0x00007ffc32930000 - 0x00007ffc3298e000 	C:\WINDOWS\System32\shlwapi.dll
0x00007ffc31ba0000 - 0x00007ffc31bc6000 	C:\WINDOWS\SYSTEM32\profapi.dll
0x00007ffc1ca00000 - 0x00007ffc1ca19000 	C:\Users\USER\.vscode\extensions\redhat.java-1.28.1-win32-x64\jre\17.0.10-win32-x86_64\bin\net.dll
0x00007ffc22290000 - 0x00007ffc223c7000 	C:\WINDOWS\SYSTEM32\WINHTTP.dll
0x00007ffc31220000 - 0x00007ffc31289000 	C:\WINDOWS\system32\mswsock.dll
0x00007ffc1c760000 - 0x00007ffc1c776000 	C:\Users\USER\.vscode\extensions\redhat.java-1.28.1-win32-x64\jre\17.0.10-win32-x86_64\bin\nio.dll
0x00007ffc228d0000 - 0x00007ffc228e0000 	c:\Users\USER\.vscode\extensions\redhat.java-1.28.1-win32-x64\jre\17.0.10-win32-x86_64\bin\verify.dll
0x00007ffc16a20000 - 0x00007ffc16a5e000 	C:\Users\USER\AppData\Roaming\Code\User\globalStorage\redhat.java\1.28.1\config_ss_win\org.eclipse.equinox.launcher\org.eclipse.equinox.launcher.win32.win32.x86_64_1.2.900.v20240129-1338\eclipse_11900.dll
0x00007ffc34750000 - 0x00007ffc348f0000 	C:\WINDOWS\System32\ole32.dll
0x00007ffc31470000 - 0x00007ffc3148b000 	C:\WINDOWS\SYSTEM32\CRYPTSP.dll
0x00007ffc30d00000 - 0x00007ffc30d35000 	C:\WINDOWS\system32\rsaenh.dll
0x00007ffc31310000 - 0x00007ffc3133c000 	C:\WINDOWS\SYSTEM32\USERENV.dll
0x00007ffc31490000 - 0x00007ffc3149c000 	C:\WINDOWS\SYSTEM32\CRYPTBASE.dll
0x00007ffc307b0000 - 0x00007ffc307dd000 	C:\WINDOWS\SYSTEM32\IPHLPAPI.DLL
0x00007ffc33240000 - 0x00007ffc33249000 	C:\WINDOWS\System32\NSI.dll
0x00007ffc218e0000 - 0x00007ffc218f9000 	C:\WINDOWS\SYSTEM32\dhcpcsvc6.DLL
0x00007ffc218c0000 - 0x00007ffc218df000 	C:\WINDOWS\SYSTEM32\dhcpcsvc.DLL
0x00007ffc307e0000 - 0x00007ffc308d9000 	C:\WINDOWS\SYSTEM32\DNSAPI.dll
0x00007ffc16990000 - 0x00007ffc169d5000 	C:\Users\USER\AppData\Local\Temp\jna-2614219\jna8496891448995696232.dll
0x00007ffc33390000 - 0x00007ffc33398000 	C:\WINDOWS\System32\PSAPI.DLL

dbghelp: loaded successfully - version: 4.0.5 - missing functions: none
symbol engine: initialized successfully - sym options: 0x614 - pdb path: .;c:\Users\USER\.vscode\extensions\redhat.java-1.28.1-win32-x64\jre\17.0.10-win32-x86_64\bin;C:\WINDOWS\SYSTEM32;C:\WINDOWS\WinSxS\amd64_microsoft.windows.common-controls_6595b64144ccf1df_6.0.22621.2506_none_270c5ae97388e100;c:\Users\USER\.vscode\extensions\redhat.java-1.28.1-win32-x64\jre\17.0.10-win32-x86_64\bin\server;C:\Users\USER\AppData\Roaming\Code\User\globalStorage\redhat.java\1.28.1\config_ss_win\org.eclipse.equinox.launcher\org.eclipse.equinox.launcher.win32.win32.x86_64_1.2.900.v20240129-1338;C:\Users\USER\AppData\Local\Temp\jna-2614219

VM Arguments:
jvm_args: --add-modules=ALL-SYSTEM --add-opens=java.base/java.util=ALL-UNNAMED --add-opens=java.base/java.lang=ALL-UNNAMED --add-opens=java.base/sun.nio.fs=ALL-UNNAMED -Declipse.application=org.eclipse.jdt.ls.core.id1 -Dosgi.bundles.defaultStartLevel=4 -Declipse.product=org.eclipse.jdt.ls.core.product -Djava.import.generatesMetadataFilesAtProjectRoot=false -DDetectVMInstallationsJob.disabled=true -Dfile.encoding=utf8 -XX:+UseParallelGC -XX:GCTimeRatio=4 -XX:AdaptiveSizePolicyWeight=90 -Dsun.zip.disableMemoryMapping=true -Xmx1G -Xms100m -Xlog:disable -javaagent:c:\Users\USER\.vscode\extensions\redhat.java-1.28.1-win32-x64\lombok\lombok-1.18.31.jar 
java_command: c:\Users\USER\.vscode\extensions\redhat.java-1.28.1-win32-x64\server\plugins\org.eclipse.equinox.launcher_1.6.700.v20231214-2017.jar -configuration c:\Users\USER\AppData\Roaming\Code\User\globalStorage\redhat.java\1.28.1\config_ss_win -data c:\Users\USER\AppData\Roaming\Code\User\workspaceStorage\348ec68ac81c33aba6f0fd2040b2ee88\redhat.java\ss_ws --stdio
java_class_path (initial): c:\Users\USER\.vscode\extensions\redhat.java-1.28.1-win32-x64\server\plugins\org.eclipse.equinox.launcher_1.6.700.v20231214-2017.jar
Launcher Type: SUN_STANDARD

[Global flags]
    uintx AdaptiveSizePolicyWeight                 = 90                                        {product} {command line}
     intx CICompilerCount                          = 12                                        {product} {ergonomic}
    uintx GCTimeRatio                              = 4                                         {product} {command line}
   size_t InitialHeapSize                          = 104857600                                 {product} {command line}
   size_t MaxHeapSize                              = 1073741824                                {product} {command line}
   size_t MaxNewSize                               = 357564416                                 {product} {ergonomic}
   size_t MinHeapDeltaBytes                        = 524288                                    {product} {ergonomic}
   size_t MinHeapSize                              = 104857600                                 {product} {command line}
   size_t NewSize                                  = 34603008                                  {product} {ergonomic}
    uintx NonNMethodCodeHeapSize                   = 7602480                                {pd product} {ergonomic}
    uintx NonProfiledCodeHeapSize                  = 122027880                              {pd product} {ergonomic}
   size_t OldSize                                  = 70254592                                  {product} {ergonomic}
    uintx ProfiledCodeHeapSize                     = 122027880                              {pd product} {ergonomic}
    uintx ReservedCodeCacheSize                    = 251658240                              {pd product} {ergonomic}
     bool SegmentedCodeCache                       = true                                      {product} {ergonomic}
   size_t SoftMaxHeapSize                          = 1073741824                             {manageable} {ergonomic}
     bool UseCompressedClassPointers               = true                           {product lp64_product} {ergonomic}
     bool UseCompressedOops                        = true                           {product lp64_product} {ergonomic}
     bool UseLargePagesIndividualAllocation        = false                                  {pd product} {ergonomic}
     bool UseParallelGC                            = true                                      {product} {command line}

Logging:
Log output configuration:
 #0: stdout all=off uptime,level,tags
 #1: stderr all=off uptime,level,tags

Environment Variables:
PATH=C:\oraclexe\app\oracle\product\11.2.0\server\bin;C:\Program Files\Common Files\Oracle\Java\javapath;C:\WINDOWS\system32;C:\WINDOWS;C:\WINDOWS\System32\Wbem;C:\WINDOWS\System32\WindowsPowerShell\v1.0\;C:\WINDOWS\System32\OpenSSH\;C:\Program Files (x86)\NVIDIA Corporation\PhysX\Common;C:\Program Files\Git\cmd;C:\Program Files\Bandizip\;C:\Program Files\MySQL\MySQL Server 8.0\bin;C:\Program Files\nodejs\;C:\Program Files\Amazon\AWSCLIV2\;C:\Program Files (x86)\DVC (Data Version Control);C:\Gradle\gradle-8.6\bin;C:\Program Files\MySQL\MySQL Shell 8.0\bin\;C:\Users\USER\AppData\Local\Programs\Python\Python312;C:\Users\USER\AppData\Local\Microsoft\WindowsApps;C:\Users\USER\AppData\Local\GitHubDesktop\bin;C:\Program Files\JetBrains\IntelliJ IDEA 2023.2.2\bin;;C:\Users\USER\AppData\Roaming\npm;C:\Users\USER\AppData\Local\Programs\Microsoft VS Code\bin;
USERNAME=USER
OS=Windows_NT
PROCESSOR_IDENTIFIER=Intel64 Family 6 Model 151 Stepping 2, GenuineIntel
TMP=C:\Users\USER\AppData\Local\Temp
TEMP=C:\Users\USER\AppData\Local\Temp



Periodic native trim disabled


---------------  S Y S T E M  ---------------

OS:
 Windows 11 , 64 bit Build 22621 (10.0.22621.3085)
OS uptime: 0 days 10:02 hours

CPU: total 20 (initial active 20) (10 cores per cpu, 2 threads per core) family 6 model 151 stepping 2 microcode 0x15, cx8, cmov, fxsr, ht, mmx, 3dnowpref, sse, sse2, sse3, ssse3, sse4.1, sse4.2, popcnt, lzcnt, tsc, tscinvbit, avx, avx2, aes, erms, clmul, bmi1, bmi2, adx, sha, fma, vzeroupper, clflush, clflushopt, clwb
Processor Information for processor 0
  Max Mhz: 3610, Current Mhz: 3610, Mhz Limit: 3610
Processor Information for processor 1
  Max Mhz: 3610, Current Mhz: 3610, Mhz Limit: 3610
Processor Information for processor 2
  Max Mhz: 3610, Current Mhz: 3610, Mhz Limit: 3610
Processor Information for processor 3
  Max Mhz: 3610, Current Mhz: 3610, Mhz Limit: 3610
Processor Information for processor 4
  Max Mhz: 3610, Current Mhz: 3610, Mhz Limit: 3610
Processor Information for processor 5
  Max Mhz: 3610, Current Mhz: 3610, Mhz Limit: 3610
Processor Information for processor 6
  Max Mhz: 3610, Current Mhz: 3610, Mhz Limit: 3610
Processor Information for processor 7
  Max Mhz: 3610, Current Mhz: 3610, Mhz Limit: 3610
Processor Information for processor 8
  Max Mhz: 3610, Current Mhz: 3610, Mhz Limit: 3610
Processor Information for processor 9
  Max Mhz: 3610, Current Mhz: 3610, Mhz Limit: 3610
Processor Information for processor 10
  Max Mhz: 3610, Current Mhz: 3610, Mhz Limit: 3610
Processor Information for processor 11
  Max Mhz: 3610, Current Mhz: 3610, Mhz Limit: 3610
Processor Information for processor 12
  Max Mhz: 3610, Current Mhz: 3610, Mhz Limit: 3610
Processor Information for processor 13
  Max Mhz: 3610, Current Mhz: 3610, Mhz Limit: 3610
Processor Information for processor 14
  Max Mhz: 3610, Current Mhz: 3610, Mhz Limit: 3610
Processor Information for processor 15
  Max Mhz: 3610, Current Mhz: 3610, Mhz Limit: 3610
Processor Information for processor 16
  Max Mhz: 3610, Current Mhz: 2707, Mhz Limit: 2707
Processor Information for processor 17
  Max Mhz: 3610, Current Mhz: 2707, Mhz Limit: 2707
Processor Information for processor 18
  Max Mhz: 3610, Current Mhz: 2707, Mhz Limit: 2707
Processor Information for processor 19
  Max Mhz: 3610, Current Mhz: 2707, Mhz Limit: 2707

Memory: 4k page, system-wide physical 32541M (21478M free)
TotalPageFile size 65309M (AvailPageFile size 48175M)
current process WorkingSet (physical memory assigned to process): 194M, peak: 270M
current process commit charge ("private bytes"): 289M, peak: 366M

vm_info: OpenJDK 64-Bit Server VM (17.0.10+7) for windows-amd64 JRE (17.0.10+7), built on Jan 16 2024 23:25:11 by "admin" with MS VC++ 16.10 / 16.11 (VS2019)

END.
